<?xml version="1.0" encoding="UTF-8"?>
<!-- Generated by org.testng.reporters.JUnitReportReporter -->
<testsuite skipped="0" hostname="DESKTOP-RK8AQVP" name="com.training.sanity.tests.ReturnProduct_RTTC_036" tests="6" failures="0" timestamp="04 Feb 2020 06:53:04 GMT" time="30.189" errors="0">
  <testcase name="validLoginTest" time="8.234" classname="com.training.sanity.tests.ReturnProduct_RTTC_036"/>
  <testcase name="clickMyOrdersOption" time="4.677" classname="com.training.sanity.tests.ReturnProduct_RTTC_036"/>
  <testcase name="orderView" time="3.780" classname="com.training.sanity.tests.ReturnProduct_RTTC_036"/>
  <testcase name="clickRtrBtn" time="4.315" classname="com.training.sanity.tests.ReturnProduct_RTTC_036"/>
  <testcase name="selectReason" time="0.657" classname="com.training.sanity.tests.ReturnProduct_RTTC_036"/>
  <testcase name="clickSubmit" time="8.526" classname="com.training.sanity.tests.ReturnProduct_RTTC_036"/>
</testsuite> <!-- com.training.sanity.tests.ReturnProduct_RTTC_036 -->
