<?xml version="1.0" encoding="UTF-8"?>
<!-- Generated by org.testng.reporters.JUnitReportReporter -->
<testsuite skipped="0" hostname="DESKTOP-RK8AQVP" name="com.training.sanity.tests.AddToCartFingerRing_RTTC_009" tests="1" failures="0" timestamp="31 Jan 2020 06:04:23 GMT" time="25.481" errors="0">
  <testcase name="validLoginTest" time="25.481" classname="com.training.sanity.tests.AddToCartFingerRing_RTTC_009"/>
</testsuite> <!-- com.training.sanity.tests.AddToCartFingerRing_RTTC_009 -->
