<?xml version="1.0" encoding="UTF-8"?>
<!-- Generated by org.testng.reporters.JUnitReportReporter -->
<testsuite skipped="0" hostname="DESKTOP-RK8AQVP" name="com.training.sanity.tests.FingerRingSearch_RTTC_008" tests="1" failures="0" timestamp="30 Jan 2020 07:08:57 GMT" time="18.578" errors="0">
  <testcase name="validLoginTest" time="18.578" classname="com.training.sanity.tests.FingerRingSearch_RTTC_008"/>
</testsuite> <!-- com.training.sanity.tests.FingerRingSearch_RTTC_008 -->
