<?xml version="1.0" encoding="UTF-8"?>
<!-- Generated by org.testng.reporters.JUnitReportReporter -->
<testsuite skipped="0" hostname="DESKTOP-RK8AQVP" name="com.training.sanity.tests.InvalidConfirmPassword_RTTC_007" tests="2" failures="0" timestamp="30 Jan 2020 05:22:22 GMT" time="14.835" errors="0">
  <testcase name="validLoginTest" time="7.982" classname="com.training.sanity.tests.InvalidConfirmPassword_RTTC_007"/>
  <testcase name="changePassword" time="6.853" classname="com.training.sanity.tests.InvalidConfirmPassword_RTTC_007"/>
</testsuite> <!-- com.training.sanity.tests.InvalidConfirmPassword_RTTC_007 -->
