<?xml version="1.0" encoding="UTF-8"?>
<!-- Generated by org.testng.reporters.JUnitReportReporter -->
<testsuite skipped="0" hostname="DESKTOP-RK8AQVP" name="com.training.sanity.tests.FingerRingSearch_RTTC_008" tests="1" failures="0" timestamp="31 Jan 2020 06:00:46 GMT" time="19.984" errors="0">
  <testcase name="validLoginTest" time="19.984" classname="com.training.sanity.tests.FingerRingSearch_RTTC_008"/>
</testsuite> <!-- com.training.sanity.tests.FingerRingSearch_RTTC_008 -->
