<?xml version="1.0" encoding="UTF-8"?>
<!-- Generated by org.testng.reporters.JUnitReportReporter -->
<testsuite skipped="0" hostname="DESKTOP-RK8AQVP" name="com.training.sanity.tests.AddToCartFingerRing_RTTC_009" tests="1" failures="0" timestamp="30 Jan 2020 09:47:09 GMT" time="23.174" errors="0">
  <testcase name="validLoginTest" time="23.174" classname="com.training.sanity.tests.AddToCartFingerRing_RTTC_009"/>
</testsuite> <!-- com.training.sanity.tests.AddToCartFingerRing_RTTC_009 -->
