<?xml version="1.0" encoding="UTF-8"?>
<!-- Generated by org.testng.reporters.JUnitReportReporter -->
<testsuite skipped="0" hostname="DESKTOP-RK8AQVP" name="com.training.sanity.tests.CartRemoval_RTTC_010" tests="1" failures="0" timestamp="31 Jan 2020 06:05:30 GMT" time="27.390" errors="0">
  <testcase name="validLoginTest" time="27.390" classname="com.training.sanity.tests.CartRemoval_RTTC_010"/>
</testsuite> <!-- com.training.sanity.tests.CartRemoval_RTTC_010 -->
