<?xml version="1.0" encoding="UTF-8"?>
<!-- Generated by org.testng.reporters.JUnitReportReporter -->
<testsuite skipped="0" hostname="DESKTOP-RK8AQVP" name="com.training.sanity.tests.ChangePassword_RTTC_006" tests="2" failures="0" timestamp="30 Jan 2020 05:18:09 GMT" time="15.100" errors="0">
  <testcase name="validLoginTest" time="8.328" classname="com.training.sanity.tests.ChangePassword_RTTC_006"/>
  <testcase name="changePassword" time="6.772" classname="com.training.sanity.tests.ChangePassword_RTTC_006"/>
</testsuite> <!-- com.training.sanity.tests.ChangePassword_RTTC_006 -->
