<?xml version="1.0" encoding="UTF-8"?>
<!-- Generated by org.testng.reporters.JUnitReportReporter -->
<testsuite skipped="0" hostname="DESKTOP-RK8AQVP" name="com.training.sanity.tests.ChangePassword_RTTC_006" tests="2" failures="0" timestamp="31 Jan 2020 05:58:53 GMT" time="13.554" errors="0">
  <testcase name="validLoginTest" time="6.668" classname="com.training.sanity.tests.ChangePassword_RTTC_006"/>
  <testcase name="changePassword" time="6.886" classname="com.training.sanity.tests.ChangePassword_RTTC_006"/>
</testsuite> <!-- com.training.sanity.tests.ChangePassword_RTTC_006 -->
